<?xml version="1.0" encoding="UTF-8"?>
<!-- Generated by org.testng.reporters.JUnitReportReporter -->
<testsuite hostname="LAPTOP-MBB97ED5" failures="0" tests="4" name="com.tn.qa.testcases.RegisterTest" time="25.618" errors="0" timestamp="2023-07-03T23:02:55 EDT" skipped="0">
  <testcase classname="com.tn.qa.testcases.RegisterTest" name="registerAccountWithMandatoryFields" time="6.289"/>
  <system-out/>
  <testcase classname="com.tn.qa.testcases.RegisterTest" name="registerAccountWithAllFields" time="6.402"/>
  <system-out/>
  <testcase classname="com.tn.qa.testcases.RegisterTest" name="registerAccountWithExistingEmail" time="7.139"/>
  <system-out/>
  <testcase classname="com.tn.qa.testcases.RegisterTest" name="registerAccountWithoutFillingAnyFields" time="5.788"/>
  <system-out/>
</testsuite> <!-- com.tn.qa.testcases.RegisterTest -->
