<?xml version="1.0" encoding="UTF-8"?>
<!-- Generated by org.testng.reporters.JUnitReportReporter -->
<testsuite hostname="LAPTOP-MBB97ED5" failures="0" tests="1" name="com.demo.BaseTest" time="5.449" errors="0" timestamp="2023-06-25T16:21:34 EDT" skipped="0">
  <testcase classname="com.demo.BaseTest" name="initializeBrowser" time="5.449"/>
  <system-out/>
</testsuite> <!-- com.demo.BaseTest -->
