<?xml version="1.0" encoding="UTF-8"?>
<!-- Generated by org.testng.reporters.JUnitReportReporter -->
<testsuite hostname="LAPTOP-MBB97ED5" failures="0" tests="1" name="com.tutorialsninja.qa.testcases.AddProductToCartTest" time="7.635" errors="0" timestamp="2023-07-04T09:56:45 EDT" skipped="0">
  <testcase classname="com.tutorialsninja.qa.testcases.AddProductToCartTest" name="Checkout" time="7.635"/>
  <system-out/>
</testsuite> <!-- com.tutorialsninja.qa.testcases.AddProductToCartTest -->
