<?xml version="1.0" encoding="UTF-8"?>
<!-- Generated by org.testng.reporters.JUnitReportReporter -->
<testsuite hostname="LAPTOP-MBB97ED5" failures="0" tests="4" name="com.tutorialsninja.qa.testcases.RegisterTest" time="19.102" errors="0" timestamp="2023-07-04T09:56:45 EDT" skipped="0">
  <testcase classname="com.tutorialsninja.qa.testcases.RegisterTest" name="registerAccountWithMandatoryFields" time="4.936"/>
  <system-out/>
  <testcase classname="com.tutorialsninja.qa.testcases.RegisterTest" name="registerAccountWithExistingEmail" time="4.731"/>
  <system-out/>
  <testcase classname="com.tutorialsninja.qa.testcases.RegisterTest" name="registerAccountWithAllFields" time="5.122"/>
  <system-out/>
  <testcase classname="com.tutorialsninja.qa.testcases.RegisterTest" name="registerAccountWithNoFields" time="4.313"/>
  <system-out/>
</testsuite> <!-- com.tutorialsninja.qa.testcases.RegisterTest -->
