<?xml version="1.0" encoding="UTF-8"?>
<!-- Generated by org.testng.reporters.JUnitReportReporter -->
<testsuite hostname="LAPTOP-MBB97ED5" failures="0" tests="5" name="com.tutorialsninja.qa.testcases.LoginTest" time="18.428" errors="0" timestamp="2023-07-04T09:56:45 EDT" skipped="1">
  <testcase classname="com.tutorialsninja.qa.testcases.LoginTest" name="verifyLogInWithInvalidCredentials" time="4.204"/>
  <system-out/>
  <testcase classname="com.tutorialsninja.qa.testcases.LoginTest" name="verifyLogInWithValidEmailInvalidPassword" time="5.538"/>
  <system-out/>
  <testcase classname="com.tutorialsninja.qa.testcases.LoginTest" name="verifyLogInWithInvalidEmailValidPassword" time="4.284"/>
  <system-out/>
  <testcase classname="com.tutorialsninja.qa.testcases.LoginTest" name="verifyLoginWithNoCredentials" time="4.402"/>
  <system-out/>
  <testcase classname="com.tutorialsninja.qa.testcases.LoginTest" name="verifyLogInWithValidCredentials">
    <skipped/>
  </testcase> <!-- verifyLogInWithValidCredentials -->
  <system-out/>
</testsuite> <!-- com.tutorialsninja.qa.testcases.LoginTest -->
