<?xml version="1.0" encoding="UTF-8"?>
<!-- Generated by org.testng.reporters.JUnitReportReporter -->
<testsuite hostname="LAPTOP-MBB97ED5" failures="0" tests="3" name="com.tutorialsninja.qa.testcases.HomePageVerificationTest" time="9.522" errors="0" timestamp="2023-07-04T09:56:45 EDT" skipped="0">
  <testcase classname="com.tutorialsninja.qa.testcases.HomePageVerificationTest" name="verifyHomePageTitle" time="2.878"/>
  <system-out/>
  <testcase classname="com.tutorialsninja.qa.testcases.HomePageVerificationTest" name="verifyHomePageCart" time="2.960"/>
  <system-out/>
  <testcase classname="com.tutorialsninja.qa.testcases.HomePageVerificationTest" name="verifyClickOnAhomePageLink" time="3.684"/>
  <system-out/>
</testsuite> <!-- com.tutorialsninja.qa.testcases.HomePageVerificationTest -->
