<?xml version="1.0" encoding="UTF-8"?>
<!-- Generated by org.testng.reporters.JUnitReportReporter -->
<testsuite hostname="LAPTOP-MBB97ED5" failures="0" tests="5" name="com.tn.qa.testcases.LoginTest" time="21.782" errors="0" timestamp="2023-07-03T22:06:32 EDT" skipped="1">
  <testcase classname="com.tn.qa.testcases.LoginTest" name="verifyLoginWithInvalidCredentials" time="5.401"/>
  <system-out/>
  <testcase classname="com.tn.qa.testcases.LoginTest" name="verifyLoginWithValidUsernameInvalidPassword" time="5.494"/>
  <system-out/>
  <testcase classname="com.tn.qa.testcases.LoginTest" name="verifyLoginWithInvalidUsernameValidPassword" time="5.547"/>
  <system-out/>
  <testcase classname="com.tn.qa.testcases.LoginTest" name="verifyLoginWithNoCredentials" time="5.340"/>
  <system-out/>
  <testcase classname="com.tn.qa.testcases.LoginTest" name="verifyLoginWithValidCredentials">
    <skipped/>
  </testcase> <!-- verifyLoginWithValidCredentials -->
  <system-out/>
</testsuite> <!-- com.tn.qa.testcases.LoginTest -->
